2025-08-14 21:48:48,905 - INFO - 开始初始化同花顺热榜数据...
2025-08-14 21:48:48,906 - INFO - 开始初始化热榜数据，日期范围: 2025-08-07 到 2025-08-14
2025-08-14 21:48:48,906 - INFO - 热榜类型: 热股, ETF, 可转债, 行业板块, 概念板块, 期货, 港股, 热基, 美股
2025-08-14 21:48:48,908 - INFO - 共 6 个交易日
2025-08-14 21:48:48,908 - INFO - 处理交易日: 20250807
2025-08-14 21:48:48,908 - INFO - 正在获取 20250807 热股 热榜数据...
2025-08-14 21:48:49,234 - INFO - 成功获取 100 条 热股 数据
2025-08-14 21:48:49,358 - ERROR - 保存数据失败: (pymysql.err.ProgrammingError) (1146, "Table 'astock.ths_hot' doesn't exist")
[SQL: SELECT ths_hot.id AS ths_hot_id, ths_hot.trade_date AS ths_hot_trade_date, ths_hot.data_type AS ths_hot_data_type, ths_hot.ts_code AS ths_hot_ts_code, ths_hot.ts_name AS ths_hot_ts_name, ths_hot.`rank` AS ths_hot_rank, ths_hot.pct_change AS ths_hot_pct_change, ths_hot.current_price AS ths_hot_current_price, ths_hot.concept AS ths_hot_concept, ths_hot.rank_reason AS ths_hot_rank_reason, ths_hot.hot AS ths_hot_hot, ths_hot.rank_time AS ths_hot_rank_time, ths_hot.created_at AS ths_hot_created_at, ths_hot.updated_at AS ths_hot_updated_at 
FROM ths_hot 
WHERE ths_hot.trade_date = %(trade_date_1)s AND ths_hot.data_type = %(data_type_1)s AND ths_hot.ts_code = %(ts_code_1)s 
 LIMIT %(param_1)s]
[parameters: {'trade_date_1': datetime.date(2025, 8, 7), 'data_type_1': '热股', 'ts_code_1': '601606.SH', 'param_1': 1}]
(Background on this error at: https://sqlalche.me/e/20/f405)
2025-08-14 21:48:49,860 - INFO - 正在获取 20250807 ETF 热榜数据...
2025-08-14 21:48:50,145 - INFO - 成功获取 100 条 ETF 数据
2025-08-14 21:48:50,197 - ERROR - 保存数据失败: (pymysql.err.ProgrammingError) (1146, "Table 'astock.ths_hot' doesn't exist")
[SQL: SELECT ths_hot.id AS ths_hot_id, ths_hot.trade_date AS ths_hot_trade_date, ths_hot.data_type AS ths_hot_data_type, ths_hot.ts_code AS ths_hot_ts_code, ths_hot.ts_name AS ths_hot_ts_name, ths_hot.`rank` AS ths_hot_rank, ths_hot.pct_change AS ths_hot_pct_change, ths_hot.current_price AS ths_hot_current_price, ths_hot.concept AS ths_hot_concept, ths_hot.rank_reason AS ths_hot_rank_reason, ths_hot.hot AS ths_hot_hot, ths_hot.rank_time AS ths_hot_rank_time, ths_hot.created_at AS ths_hot_created_at, ths_hot.updated_at AS ths_hot_updated_at 
FROM ths_hot 
WHERE ths_hot.trade_date = %(trade_date_1)s AND ths_hot.data_type = %(data_type_1)s AND ths_hot.ts_code = %(ts_code_1)s 
 LIMIT %(param_1)s]
[parameters: {'trade_date_1': datetime.date(2025, 8, 7), 'data_type_1': 'ETF', 'ts_code_1': '516860.SH', 'param_1': 1}]
(Background on this error at: https://sqlalche.me/e/20/f405)
2025-08-14 21:48:50,700 - INFO - 正在获取 20250807 可转债 热榜数据...
2025-08-14 21:48:50,909 - INFO - 成功获取 100 条 可转债 数据
2025-08-14 21:48:50,951 - ERROR - 保存数据失败: (pymysql.err.ProgrammingError) (1146, "Table 'astock.ths_hot' doesn't exist")
[SQL: SELECT ths_hot.id AS ths_hot_id, ths_hot.trade_date AS ths_hot_trade_date, ths_hot.data_type AS ths_hot_data_type, ths_hot.ts_code AS ths_hot_ts_code, ths_hot.ts_name AS ths_hot_ts_name, ths_hot.`rank` AS ths_hot_rank, ths_hot.pct_change AS ths_hot_pct_change, ths_hot.current_price AS ths_hot_current_price, ths_hot.concept AS ths_hot_concept, ths_hot.rank_reason AS ths_hot_rank_reason, ths_hot.hot AS ths_hot_hot, ths_hot.rank_time AS ths_hot_rank_time, ths_hot.created_at AS ths_hot_created_at, ths_hot.updated_at AS ths_hot_updated_at 
FROM ths_hot 
WHERE ths_hot.trade_date = %(trade_date_1)s AND ths_hot.data_type = %(data_type_1)s AND ths_hot.ts_code = %(ts_code_1)s 
 LIMIT %(param_1)s]
[parameters: {'trade_date_1': datetime.date(2025, 8, 7), 'data_type_1': '可转债', 'ts_code_1': '127062.SZ', 'param_1': 1}]
(Background on this error at: https://sqlalche.me/e/20/f405)
2025-08-14 21:48:51,456 - INFO - 正在获取 20250807 行业板块 热榜数据...
2025-08-14 21:48:51,792 - INFO - 成功获取 20 条 行业板块 数据
2025-08-14 21:48:51,802 - ERROR - 保存数据失败: (pymysql.err.ProgrammingError) (1146, "Table 'astock.ths_hot' doesn't exist")
[SQL: SELECT ths_hot.id AS ths_hot_id, ths_hot.trade_date AS ths_hot_trade_date, ths_hot.data_type AS ths_hot_data_type, ths_hot.ts_code AS ths_hot_ts_code, ths_hot.ts_name AS ths_hot_ts_name, ths_hot.`rank` AS ths_hot_rank, ths_hot.pct_change AS ths_hot_pct_change, ths_hot.current_price AS ths_hot_current_price, ths_hot.concept AS ths_hot_concept, ths_hot.rank_reason AS ths_hot_rank_reason, ths_hot.hot AS ths_hot_hot, ths_hot.rank_time AS ths_hot_rank_time, ths_hot.created_at AS ths_hot_created_at, ths_hot.updated_at AS ths_hot_updated_at 
FROM ths_hot 
WHERE ths_hot.trade_date = %(trade_date_1)s AND ths_hot.data_type = %(data_type_1)s AND ths_hot.ts_code = %(ts_code_1)s 
 LIMIT %(param_1)s]
[parameters: {'trade_date_1': datetime.date(2025, 8, 7), 'data_type_1': '行业板块', 'ts_code_1': '881121.TI', 'param_1': 1}]
(Background on this error at: https://sqlalche.me/e/20/f405)
2025-08-14 21:48:52,304 - INFO - 正在获取 20250807 概念板块 热榜数据...
2025-08-14 21:48:52,598 - INFO - 成功获取 20 条 概念板块 数据
2025-08-14 21:48:52,610 - ERROR - 保存数据失败: (pymysql.err.ProgrammingError) (1146, "Table 'astock.ths_hot' doesn't exist")
[SQL: SELECT ths_hot.id AS ths_hot_id, ths_hot.trade_date AS ths_hot_trade_date, ths_hot.data_type AS ths_hot_data_type, ths_hot.ts_code AS ths_hot_ts_code, ths_hot.ts_name AS ths_hot_ts_name, ths_hot.`rank` AS ths_hot_rank, ths_hot.pct_change AS ths_hot_pct_change, ths_hot.current_price AS ths_hot_current_price, ths_hot.concept AS ths_hot_concept, ths_hot.rank_reason AS ths_hot_rank_reason, ths_hot.hot AS ths_hot_hot, ths_hot.rank_time AS ths_hot_rank_time, ths_hot.created_at AS ths_hot_created_at, ths_hot.updated_at AS ths_hot_updated_at 
FROM ths_hot 
WHERE ths_hot.trade_date = %(trade_date_1)s AND ths_hot.data_type = %(data_type_1)s AND ths_hot.ts_code = %(ts_code_1)s 
 LIMIT %(param_1)s]
[parameters: {'trade_date_1': datetime.date(2025, 8, 7), 'data_type_1': '概念板块', 'ts_code_1': '885343.TI', 'param_1': 1}]
(Background on this error at: https://sqlalche.me/e/20/f405)
2025-08-14 21:48:53,112 - INFO - 正在获取 20250807 期货 热榜数据...
2025-08-14 21:48:53,466 - INFO - 成功获取 4 条 期货 数据
2025-08-14 21:48:53,471 - ERROR - 保存数据失败: (pymysql.err.ProgrammingError) (1146, "Table 'astock.ths_hot' doesn't exist")
[SQL: SELECT ths_hot.id AS ths_hot_id, ths_hot.trade_date AS ths_hot_trade_date, ths_hot.data_type AS ths_hot_data_type, ths_hot.ts_code AS ths_hot_ts_code, ths_hot.ts_name AS ths_hot_ts_name, ths_hot.`rank` AS ths_hot_rank, ths_hot.pct_change AS ths_hot_pct_change, ths_hot.current_price AS ths_hot_current_price, ths_hot.concept AS ths_hot_concept, ths_hot.rank_reason AS ths_hot_rank_reason, ths_hot.hot AS ths_hot_hot, ths_hot.rank_time AS ths_hot_rank_time, ths_hot.created_at AS ths_hot_created_at, ths_hot.updated_at AS ths_hot_updated_at 
FROM ths_hot 
WHERE ths_hot.trade_date = %(trade_date_1)s AND ths_hot.data_type = %(data_type_1)s AND ths_hot.ts_code = %(ts_code_1)s 
 LIMIT %(param_1)s]
[parameters: {'trade_date_1': datetime.date(2025, 8, 7), 'data_type_1': '期货', 'ts_code_1': '002601.SZ', 'param_1': 1}]
(Background on this error at: https://sqlalche.me/e/20/f405)
2025-08-14 21:48:53,976 - INFO - 正在获取 20250807 港股 热榜数据...
2025-08-14 21:48:54,216 - INFO - 成功获取 50 条 港股 数据
2025-08-14 21:48:54,246 - ERROR - 保存数据失败: (pymysql.err.ProgrammingError) (1146, "Table 'astock.ths_hot' doesn't exist")
[SQL: SELECT ths_hot.id AS ths_hot_id, ths_hot.trade_date AS ths_hot_trade_date, ths_hot.data_type AS ths_hot_data_type, ths_hot.ts_code AS ths_hot_ts_code, ths_hot.ts_name AS ths_hot_ts_name, ths_hot.`rank` AS ths_hot_rank, ths_hot.pct_change AS ths_hot_pct_change, ths_hot.current_price AS ths_hot_current_price, ths_hot.concept AS ths_hot_concept, ths_hot.rank_reason AS ths_hot_rank_reason, ths_hot.hot AS ths_hot_hot, ths_hot.rank_time AS ths_hot_rank_time, ths_hot.created_at AS ths_hot_created_at, ths_hot.updated_at AS ths_hot_updated_at 
FROM ths_hot 
WHERE ths_hot.trade_date = %(trade_date_1)s AND ths_hot.data_type = %(data_type_1)s AND ths_hot.ts_code = %(ts_code_1)s 
 LIMIT %(param_1)s]
[parameters: {'trade_date_1': datetime.date(2025, 8, 7), 'data_type_1': '港股', 'ts_code_1': '01810.HK', 'param_1': 1}]
(Background on this error at: https://sqlalche.me/e/20/f405)
2025-08-14 21:48:54,749 - INFO - 正在获取 20250807 热基 热榜数据...
2025-08-14 21:48:54,972 - INFO - 成功获取 100 条 热基 数据
2025-08-14 21:48:55,011 - ERROR - 保存数据失败: (pymysql.err.ProgrammingError) (1146, "Table 'astock.ths_hot' doesn't exist")
[SQL: SELECT ths_hot.id AS ths_hot_id, ths_hot.trade_date AS ths_hot_trade_date, ths_hot.data_type AS ths_hot_data_type, ths_hot.ts_code AS ths_hot_ts_code, ths_hot.ts_name AS ths_hot_ts_name, ths_hot.`rank` AS ths_hot_rank, ths_hot.pct_change AS ths_hot_pct_change, ths_hot.current_price AS ths_hot_current_price, ths_hot.concept AS ths_hot_concept, ths_hot.rank_reason AS ths_hot_rank_reason, ths_hot.hot AS ths_hot_hot, ths_hot.rank_time AS ths_hot_rank_time, ths_hot.created_at AS ths_hot_created_at, ths_hot.updated_at AS ths_hot_updated_at 
FROM ths_hot 
WHERE ths_hot.trade_date = %(trade_date_1)s AND ths_hot.data_type = %(data_type_1)s AND ths_hot.ts_code = %(ts_code_1)s 
 LIMIT %(param_1)s]
[parameters: {'trade_date_1': datetime.date(2025, 8, 7), 'data_type_1': '热基', 'ts_code_1': '013127.OF', 'param_1': 1}]
(Background on this error at: https://sqlalche.me/e/20/f405)
2025-08-14 21:48:55,516 - INFO - 正在获取 20250807 美股 热榜数据...
2025-08-14 21:48:55,741 - INFO - 成功获取 1 条 美股 数据
2025-08-14 21:48:56,245 - INFO - 处理交易日: 20250808
2025-08-14 21:48:56,245 - INFO - 正在获取 20250808 热股 热榜数据...
2025-08-14 21:48:56,509 - INFO - 成功获取 300 条 热股 数据
2025-08-14 21:48:56,604 - ERROR - 保存数据失败: (pymysql.err.ProgrammingError) (1146, "Table 'astock.ths_hot' doesn't exist")
[SQL: SELECT ths_hot.id AS ths_hot_id, ths_hot.trade_date AS ths_hot_trade_date, ths_hot.data_type AS ths_hot_data_type, ths_hot.ts_code AS ths_hot_ts_code, ths_hot.ts_name AS ths_hot_ts_name, ths_hot.`rank` AS ths_hot_rank, ths_hot.pct_change AS ths_hot_pct_change, ths_hot.current_price AS ths_hot_current_price, ths_hot.concept AS ths_hot_concept, ths_hot.rank_reason AS ths_hot_rank_reason, ths_hot.hot AS ths_hot_hot, ths_hot.rank_time AS ths_hot_rank_time, ths_hot.created_at AS ths_hot_created_at, ths_hot.updated_at AS ths_hot_updated_at 
FROM ths_hot 
WHERE ths_hot.trade_date = %(trade_date_1)s AND ths_hot.data_type = %(data_type_1)s AND ths_hot.ts_code = %(ts_code_1)s 
 LIMIT %(param_1)s]
[parameters: {'trade_date_1': datetime.date(2025, 8, 8), 'data_type_1': '热股', 'ts_code_1': '601718.SH', 'param_1': 1}]
(Background on this error at: https://sqlalche.me/e/20/f405)
2025-08-14 21:48:57,105 - INFO - 正在获取 20250808 ETF 热榜数据...
2025-08-14 21:48:57,344 - INFO - 成功获取 300 条 ETF 数据
2025-08-14 21:48:57,446 - ERROR - 保存数据失败: (pymysql.err.ProgrammingError) (1146, "Table 'astock.ths_hot' doesn't exist")
[SQL: SELECT ths_hot.id AS ths_hot_id, ths_hot.trade_date AS ths_hot_trade_date, ths_hot.data_type AS ths_hot_data_type, ths_hot.ts_code AS ths_hot_ts_code, ths_hot.ts_name AS ths_hot_ts_name, ths_hot.`rank` AS ths_hot_rank, ths_hot.pct_change AS ths_hot_pct_change, ths_hot.current_price AS ths_hot_current_price, ths_hot.concept AS ths_hot_concept, ths_hot.rank_reason AS ths_hot_rank_reason, ths_hot.hot AS ths_hot_hot, ths_hot.rank_time AS ths_hot_rank_time, ths_hot.created_at AS ths_hot_created_at, ths_hot.updated_at AS ths_hot_updated_at 
FROM ths_hot 
WHERE ths_hot.trade_date = %(trade_date_1)s AND ths_hot.data_type = %(data_type_1)s AND ths_hot.ts_code = %(ts_code_1)s 
 LIMIT %(param_1)s]
[parameters: {'trade_date_1': datetime.date(2025, 8, 8), 'data_type_1': 'ETF', 'ts_code_1': '513030.SH', 'param_1': 1}]
(Background on this error at: https://sqlalche.me/e/20/f405)
2025-08-14 21:48:57,951 - INFO - 正在获取 20250808 可转债 热榜数据...
2025-08-14 21:48:58,176 - INFO - 成功获取 300 条 可转债 数据
2025-08-14 21:48:58,272 - ERROR - 保存数据失败: (pymysql.err.ProgrammingError) (1146, "Table 'astock.ths_hot' doesn't exist")
[SQL: SELECT ths_hot.id AS ths_hot_id, ths_hot.trade_date AS ths_hot_trade_date, ths_hot.data_type AS ths_hot_data_type, ths_hot.ts_code AS ths_hot_ts_code, ths_hot.ts_name AS ths_hot_ts_name, ths_hot.`rank` AS ths_hot_rank, ths_hot.pct_change AS ths_hot_pct_change, ths_hot.current_price AS ths_hot_current_price, ths_hot.concept AS ths_hot_concept, ths_hot.rank_reason AS ths_hot_rank_reason, ths_hot.hot AS ths_hot_hot, ths_hot.rank_time AS ths_hot_rank_time, ths_hot.created_at AS ths_hot_created_at, ths_hot.updated_at AS ths_hot_updated_at 
FROM ths_hot 
WHERE ths_hot.trade_date = %(trade_date_1)s AND ths_hot.data_type = %(data_type_1)s AND ths_hot.ts_code = %(ts_code_1)s 
 LIMIT %(param_1)s]
[parameters: {'trade_date_1': datetime.date(2025, 8, 8), 'data_type_1': '可转债', 'ts_code_1': '123087.SZ', 'param_1': 1}]
(Background on this error at: https://sqlalche.me/e/20/f405)
2025-08-14 21:48:58,775 - INFO - 正在获取 20250808 行业板块 热榜数据...
2025-08-14 21:48:59,085 - INFO - 成功获取 60 条 行业板块 数据
2025-08-14 21:48:59,110 - ERROR - 保存数据失败: (pymysql.err.ProgrammingError) (1146, "Table 'astock.ths_hot' doesn't exist")
[SQL: SELECT ths_hot.id AS ths_hot_id, ths_hot.trade_date AS ths_hot_trade_date, ths_hot.data_type AS ths_hot_data_type, ths_hot.ts_code AS ths_hot_ts_code, ths_hot.ts_name AS ths_hot_ts_name, ths_hot.`rank` AS ths_hot_rank, ths_hot.pct_change AS ths_hot_pct_change, ths_hot.current_price AS ths_hot_current_price, ths_hot.concept AS ths_hot_concept, ths_hot.rank_reason AS ths_hot_rank_reason, ths_hot.hot AS ths_hot_hot, ths_hot.rank_time AS ths_hot_rank_time, ths_hot.created_at AS ths_hot_created_at, ths_hot.updated_at AS ths_hot_updated_at 
FROM ths_hot 
WHERE ths_hot.trade_date = %(trade_date_1)s AND ths_hot.data_type = %(data_type_1)s AND ths_hot.ts_code = %(ts_code_1)s 
 LIMIT %(param_1)s]
[parameters: {'trade_date_1': datetime.date(2025, 8, 8), 'data_type_1': '行业板块', 'ts_code_1': '881269.TI', 'param_1': 1}]
(Background on this error at: https://sqlalche.me/e/20/f405)
2025-08-14 21:48:59,611 - INFO - 正在获取 20250808 概念板块 热榜数据...
2025-08-14 21:48:59,878 - INFO - 成功获取 60 条 概念板块 数据
2025-08-14 21:48:59,902 - ERROR - 保存数据失败: (pymysql.err.ProgrammingError) (1146, "Table 'astock.ths_hot' doesn't exist")
[SQL: SELECT ths_hot.id AS ths_hot_id, ths_hot.trade_date AS ths_hot_trade_date, ths_hot.data_type AS ths_hot_data_type, ths_hot.ts_code AS ths_hot_ts_code, ths_hot.ts_name AS ths_hot_ts_name, ths_hot.`rank` AS ths_hot_rank, ths_hot.pct_change AS ths_hot_pct_change, ths_hot.current_price AS ths_hot_current_price, ths_hot.concept AS ths_hot_concept, ths_hot.rank_reason AS ths_hot_rank_reason, ths_hot.hot AS ths_hot_hot, ths_hot.rank_time AS ths_hot_rank_time, ths_hot.created_at AS ths_hot_created_at, ths_hot.updated_at AS ths_hot_updated_at 
FROM ths_hot 
WHERE ths_hot.trade_date = %(trade_date_1)s AND ths_hot.data_type = %(data_type_1)s AND ths_hot.ts_code = %(ts_code_1)s 
 LIMIT %(param_1)s]
[parameters: {'trade_date_1': datetime.date(2025, 8, 8), 'data_type_1': '概念板块', 'ts_code_1': '886105.TI', 'param_1': 1}]
(Background on this error at: https://sqlalche.me/e/20/f405)
2025-08-14 21:49:00,404 - INFO - 正在获取 20250808 期货 热榜数据...
2025-08-14 21:49:00,704 - INFO - 成功获取 12 条 期货 数据
2025-08-14 21:49:00,712 - ERROR - 保存数据失败: (pymysql.err.ProgrammingError) (1146, "Table 'astock.ths_hot' doesn't exist")
[SQL: SELECT ths_hot.id AS ths_hot_id, ths_hot.trade_date AS ths_hot_trade_date, ths_hot.data_type AS ths_hot_data_type, ths_hot.ts_code AS ths_hot_ts_code, ths_hot.ts_name AS ths_hot_ts_name, ths_hot.`rank` AS ths_hot_rank, ths_hot.pct_change AS ths_hot_pct_change, ths_hot.current_price AS ths_hot_current_price, ths_hot.concept AS ths_hot_concept, ths_hot.rank_reason AS ths_hot_rank_reason, ths_hot.hot AS ths_hot_hot, ths_hot.rank_time AS ths_hot_rank_time, ths_hot.created_at AS ths_hot_created_at, ths_hot.updated_at AS ths_hot_updated_at 
FROM ths_hot 
WHERE ths_hot.trade_date = %(trade_date_1)s AND ths_hot.data_type = %(data_type_1)s AND ths_hot.ts_code = %(ts_code_1)s 
 LIMIT %(param_1)s]
[parameters: {'trade_date_1': datetime.date(2025, 8, 8), 'data_type_1': '期货', 'ts_code_1': '002601.SZ', 'param_1': 1}]
(Background on this error at: https://sqlalche.me/e/20/f405)
2025-08-14 21:49:01,216 - INFO - 正在获取 20250808 港股 热榜数据...
2025-08-14 21:50:24,472 - INFO - 开始初始化同花顺热榜数据...
2025-08-14 21:50:24,472 - INFO - 开始初始化热榜数据，日期范围: 2025-08-07 到 2025-08-14
2025-08-14 21:50:24,472 - INFO - 热榜类型: 热股, ETF, 可转债, 行业板块, 概念板块, 期货, 港股, 热基, 美股
2025-08-14 21:50:24,474 - INFO - 共 6 个交易日
2025-08-14 21:50:24,474 - INFO - 处理交易日: 20250807
2025-08-14 21:50:24,474 - INFO - 正在获取 20250807 热股 热榜数据...
2025-08-14 21:50:24,776 - INFO - 成功获取 100 条 热股 数据
2025-08-14 21:50:25,512 - INFO - 成功保存 100 条热榜数据
2025-08-14 21:50:26,014 - INFO - 正在获取 20250807 ETF 热榜数据...
2025-08-14 21:50:26,248 - INFO - 成功获取 100 条 ETF 数据
2025-08-14 21:50:26,922 - INFO - 成功保存 100 条热榜数据
2025-08-14 21:50:27,427 - INFO - 正在获取 20250807 可转债 热榜数据...
2025-08-14 21:50:27,678 - INFO - 成功获取 100 条 可转债 数据
2025-08-14 21:50:28,397 - INFO - 成功保存 100 条热榜数据
2025-08-14 21:50:28,901 - INFO - 正在获取 20250807 行业板块 热榜数据...
2025-08-14 21:50:29,213 - INFO - 成功获取 20 条 行业板块 数据
2025-08-14 21:50:29,425 - INFO - 成功保存 20 条热榜数据
2025-08-14 21:50:29,930 - INFO - 正在获取 20250807 概念板块 热榜数据...
2025-08-14 21:50:30,243 - INFO - 成功获取 20 条 概念板块 数据
2025-08-14 21:50:30,367 - INFO - 成功保存 20 条热榜数据
2025-08-14 21:50:30,870 - INFO - 正在获取 20250807 期货 热榜数据...
2025-08-14 21:50:31,168 - INFO - 成功获取 4 条 期货 数据
2025-08-14 21:50:31,205 - INFO - 成功保存 4 条热榜数据
2025-08-14 21:50:31,710 - INFO - 正在获取 20250807 港股 热榜数据...
2025-08-14 21:50:31,950 - INFO - 成功获取 50 条 港股 数据
2025-08-14 21:50:32,361 - INFO - 成功保存 50 条热榜数据
2025-08-14 21:50:32,863 - INFO - 正在获取 20250807 热基 热榜数据...
2025-08-14 21:50:33,081 - INFO - 成功获取 100 条 热基 数据
2025-08-14 21:50:33,772 - INFO - 成功保存 100 条热榜数据
2025-08-14 21:50:34,275 - INFO - 正在获取 20250807 美股 热榜数据...
2025-08-14 21:50:34,488 - INFO - 成功获取 1 条 美股 数据
2025-08-14 21:50:34,994 - INFO - 处理交易日: 20250808
2025-08-14 21:50:34,994 - INFO - 正在获取 20250808 热股 热榜数据...
2025-08-14 21:50:35,289 - INFO - 成功获取 300 条 热股 数据
2025-08-14 21:50:37,347 - INFO - 成功保存 300 条热榜数据
2025-08-14 21:50:37,849 - INFO - 正在获取 20250808 ETF 热榜数据...
2025-08-14 21:50:38,090 - INFO - 成功获取 300 条 ETF 数据
2025-08-14 21:50:40,119 - INFO - 成功保存 300 条热榜数据
2025-08-14 21:50:40,624 - INFO - 正在获取 20250808 可转债 热榜数据...
2025-08-14 21:50:40,867 - INFO - 成功获取 300 条 可转债 数据
2025-08-14 21:50:42,864 - INFO - 成功保存 300 条热榜数据
2025-08-14 21:50:43,369 - INFO - 正在获取 20250808 行业板块 热榜数据...
2025-08-14 21:50:43,696 - INFO - 成功获取 60 条 行业板块 数据
2025-08-14 21:50:44,113 - INFO - 成功保存 60 条热榜数据
2025-08-14 21:50:44,617 - INFO - 正在获取 20250808 概念板块 热榜数据...
2025-08-14 21:50:44,980 - INFO - 成功获取 60 条 概念板块 数据
2025-08-14 21:50:45,395 - INFO - 成功保存 60 条热榜数据
2025-08-14 21:50:45,898 - INFO - 正在获取 20250808 期货 热榜数据...
2025-08-14 21:50:46,221 - INFO - 成功获取 12 条 期货 数据
2025-08-14 21:50:46,312 - INFO - 成功保存 12 条热榜数据
2025-08-14 21:50:46,815 - INFO - 正在获取 20250808 港股 热榜数据...
2025-08-14 21:50:47,035 - INFO - 成功获取 150 条 港股 数据
2025-08-14 21:50:48,099 - INFO - 成功保存 150 条热榜数据
2025-08-14 21:50:48,603 - INFO - 正在获取 20250808 热基 热榜数据...
2025-08-14 21:50:48,837 - INFO - 成功获取 300 条 热基 数据
2025-08-14 21:50:50,869 - INFO - 成功保存 300 条热榜数据
2025-08-14 21:50:51,373 - INFO - 正在获取 20250808 美股 热榜数据...
2025-08-14 21:50:51,591 - INFO - 成功获取 3 条 美股 数据
2025-08-14 21:50:52,094 - INFO - 处理交易日: 20250811
2025-08-14 21:50:52,094 - INFO - 正在获取 20250811 热股 热榜数据...
2025-08-14 21:50:52,392 - INFO - 成功获取 298 条 热股 数据
2025-08-14 21:50:54,414 - INFO - 成功保存 298 条热榜数据
2025-08-14 21:50:54,918 - INFO - 正在获取 20250811 ETF 热榜数据...
2025-08-14 21:50:55,144 - INFO - 成功获取 300 条 ETF 数据
2025-08-14 21:50:57,203 - INFO - 成功保存 300 条热榜数据
2025-08-14 21:50:57,704 - INFO - 正在获取 20250811 可转债 热榜数据...
2025-08-14 21:50:57,925 - INFO - 成功获取 300 条 可转债 数据
2025-08-14 21:51:00,192 - INFO - 成功保存 300 条热榜数据
2025-08-14 21:51:00,697 - INFO - 正在获取 20250811 行业板块 热榜数据...
2025-08-14 21:51:01,006 - INFO - 成功获取 60 条 行业板块 数据
2025-08-14 21:51:01,452 - INFO - 成功保存 60 条热榜数据
2025-08-14 21:51:01,953 - INFO - 正在获取 20250811 概念板块 热榜数据...
2025-08-14 21:51:02,250 - INFO - 成功获取 60 条 概念板块 数据
2025-08-14 21:51:02,665 - INFO - 成功保存 60 条热榜数据
2025-08-14 21:51:03,168 - INFO - 正在获取 20250811 期货 热榜数据...
2025-08-14 21:51:03,442 - INFO - 成功获取 12 条 期货 数据
2025-08-14 21:51:03,520 - INFO - 成功保存 12 条热榜数据
2025-08-14 21:51:04,024 - INFO - 正在获取 20250811 港股 热榜数据...
2025-08-14 21:51:04,254 - INFO - 成功获取 150 条 港股 数据
2025-08-14 21:51:05,268 - INFO - 成功保存 150 条热榜数据
2025-08-14 21:51:05,773 - INFO - 正在获取 20250811 热基 热榜数据...
2025-08-14 21:51:06,003 - INFO - 成功获取 292 条 热基 数据
2025-08-14 21:51:08,002 - INFO - 成功保存 292 条热榜数据
2025-08-14 21:51:08,505 - INFO - 正在获取 20250811 美股 热榜数据...
2025-08-14 21:51:08,755 - INFO - 成功获取 3 条 美股 数据
2025-08-14 21:51:09,261 - INFO - 处理交易日: 20250812
2025-08-14 21:51:09,262 - INFO - 正在获取 20250812 热股 热榜数据...
2025-08-14 21:51:09,519 - INFO - 成功获取 300 条 热股 数据
2025-08-14 21:51:11,572 - INFO - 成功保存 300 条热榜数据
2025-08-14 21:51:12,075 - INFO - 正在获取 20250812 ETF 热榜数据...
2025-08-14 21:51:12,317 - INFO - 成功获取 300 条 ETF 数据
2025-08-14 21:51:14,319 - INFO - 成功保存 300 条热榜数据
2025-08-14 21:51:14,824 - INFO - 正在获取 20250812 可转债 热榜数据...
2025-08-14 21:51:15,067 - INFO - 成功获取 300 条 可转债 数据
2025-08-14 21:51:17,151 - INFO - 成功保存 300 条热榜数据
2025-08-14 21:51:17,653 - INFO - 正在获取 20250812 行业板块 热榜数据...
2025-08-14 21:51:17,941 - INFO - 成功获取 60 条 行业板块 数据
2025-08-14 21:51:18,361 - INFO - 成功保存 60 条热榜数据
2025-08-14 21:51:18,861 - INFO - 正在获取 20250812 概念板块 热榜数据...
2025-08-14 21:51:19,142 - INFO - 成功获取 60 条 概念板块 数据
2025-08-14 21:51:19,562 - INFO - 成功保存 60 条热榜数据
2025-08-14 21:51:20,067 - INFO - 正在获取 20250812 期货 热榜数据...
2025-08-14 21:51:20,355 - INFO - 成功获取 12 条 期货 数据
2025-08-14 21:51:20,447 - INFO - 成功保存 12 条热榜数据
2025-08-14 21:51:20,950 - INFO - 正在获取 20250812 港股 热榜数据...
2025-08-14 21:51:21,174 - INFO - 成功获取 150 条 港股 数据
2025-08-14 21:51:22,215 - INFO - 成功保存 150 条热榜数据
2025-08-14 21:51:22,718 - INFO - 正在获取 20250812 热基 热榜数据...
2025-08-14 21:51:22,953 - INFO - 成功获取 300 条 热基 数据
2025-08-14 21:51:25,394 - INFO - 成功保存 300 条热榜数据
2025-08-14 21:51:25,898 - INFO - 正在获取 20250812 美股 热榜数据...
2025-08-14 21:51:26,113 - INFO - 成功获取 3 条 美股 数据
2025-08-14 21:51:26,616 - INFO - 处理交易日: 20250813
2025-08-14 21:51:26,617 - INFO - 正在获取 20250813 热股 热榜数据...
2025-08-14 21:51:26,904 - INFO - 成功获取 300 条 热股 数据
2025-08-14 21:51:29,354 - INFO - 成功保存 300 条热榜数据
2025-08-14 21:51:29,859 - INFO - 正在获取 20250813 ETF 热榜数据...
2025-08-14 21:51:30,112 - INFO - 成功获取 300 条 ETF 数据
2025-08-14 21:51:32,871 - INFO - 成功保存 300 条热榜数据
2025-08-14 21:51:33,374 - INFO - 正在获取 20250813 可转债 热榜数据...
2025-08-14 21:51:33,648 - INFO - 成功获取 300 条 可转债 数据
2025-08-14 21:51:37,248 - INFO - 成功保存 300 条热榜数据
2025-08-14 21:51:37,749 - INFO - 正在获取 20250813 行业板块 热榜数据...
2025-08-14 21:51:38,052 - INFO - 成功获取 60 条 行业板块 数据
2025-08-14 21:51:39,044 - INFO - 成功保存 60 条热榜数据
2025-08-14 21:51:39,547 - INFO - 正在获取 20250813 概念板块 热榜数据...
2025-08-14 21:51:39,868 - INFO - 成功获取 60 条 概念板块 数据
2025-08-14 21:51:40,792 - INFO - 成功保存 60 条热榜数据
2025-08-14 21:51:41,293 - INFO - 正在获取 20250813 期货 热榜数据...
2025-08-14 21:51:41,583 - INFO - 成功获取 12 条 期货 数据
2025-08-14 21:51:41,712 - INFO - 成功保存 12 条热榜数据
2025-08-14 21:51:42,216 - INFO - 正在获取 20250813 港股 热榜数据...
2025-08-14 21:51:42,466 - INFO - 成功获取 150 条 港股 数据
2025-08-14 21:51:44,092 - INFO - 成功保存 150 条热榜数据
2025-08-14 21:51:44,596 - INFO - 正在获取 20250813 热基 热榜数据...
2025-08-14 21:51:44,841 - INFO - 成功获取 300 条 热基 数据
2025-08-14 21:51:47,992 - INFO - 成功保存 300 条热榜数据
2025-08-14 21:51:48,498 - INFO - 正在获取 20250813 美股 热榜数据...
2025-08-14 21:51:48,731 - INFO - 成功获取 3 条 美股 数据
2025-08-14 21:51:49,233 - INFO - 处理交易日: 20250814
2025-08-14 21:51:49,234 - INFO - 正在获取 20250814 热股 热榜数据...
2025-08-14 21:51:49,524 - INFO - 成功获取 100 条 热股 数据
2025-08-14 21:51:50,600 - INFO - 成功保存 100 条热榜数据
2025-08-14 21:51:51,104 - INFO - 正在获取 20250814 ETF 热榜数据...
2025-08-14 21:51:51,360 - INFO - 成功获取 100 条 ETF 数据
2025-08-14 21:51:52,447 - INFO - 成功保存 100 条热榜数据
2025-08-14 21:51:52,950 - INFO - 正在获取 20250814 可转债 热榜数据...
2025-08-14 21:51:53,180 - INFO - 成功获取 100 条 可转债 数据
2025-08-14 21:51:54,217 - INFO - 成功保存 100 条热榜数据
2025-08-14 21:51:54,720 - INFO - 正在获取 20250814 行业板块 热榜数据...
2025-08-14 21:51:55,043 - INFO - 成功获取 20 条 行业板块 数据
2025-08-14 21:51:55,246 - INFO - 成功保存 20 条热榜数据
2025-08-14 21:51:55,750 - INFO - 正在获取 20250814 概念板块 热榜数据...
2025-08-14 21:51:56,113 - INFO - 成功获取 20 条 概念板块 数据
2025-08-14 21:51:56,363 - INFO - 成功保存 20 条热榜数据
2025-08-14 21:51:56,867 - INFO - 正在获取 20250814 期货 热榜数据...
2025-08-14 21:51:57,145 - INFO - 成功获取 4 条 期货 数据
2025-08-14 21:51:57,193 - INFO - 成功保存 4 条热榜数据
2025-08-14 21:51:57,698 - INFO - 正在获取 20250814 港股 热榜数据...
2025-08-14 21:51:57,944 - INFO - 成功获取 50 条 港股 数据
2025-08-14 21:51:58,493 - INFO - 成功保存 50 条热榜数据
2025-08-14 21:51:58,998 - INFO - 正在获取 20250814 热基 热榜数据...
2025-08-14 21:51:59,212 - INFO - 成功获取 100 条 热基 数据
2025-08-14 21:52:00,190 - INFO - 成功保存 100 条热榜数据
2025-08-14 21:52:00,693 - INFO - 正在获取 20250814 美股 热榜数据...
2025-08-14 21:52:00,910 - INFO - 成功获取 1 条 美股 数据
2025-08-14 21:52:01,414 - INFO - 热榜数据初始化完成，共保存 6906 条记录
2025-08-14 21:52:01,414 - INFO - 同花顺热榜数据初始化完成！
2025-08-24 12:24:29,075 - INFO - 开始初始化同花顺热榜数据...
2025-08-24 12:24:29,076 - INFO - 开始初始化热榜数据，日期范围: 2025-08-17 到 2025-08-24
2025-08-24 12:24:29,076 - INFO - 热榜类型: 热股, ETF, 可转债, 行业板块, 概念板块, 期货, 港股, 热基, 美股
2025-08-24 12:24:29,078 - INFO - 共 5 个交易日
2025-08-24 12:24:29,078 - INFO - 处理交易日: 20250818
2025-08-24 12:24:29,078 - INFO - 正在获取 20250818 热股 热榜数据...
2025-08-24 12:24:29,344 - INFO - 成功获取 98 条 热股 数据
2025-08-24 12:24:30,157 - INFO - 成功保存 98 条热榜数据
2025-08-24 12:24:30,657 - INFO - 正在获取 20250818 ETF 热榜数据...
2025-08-24 12:24:30,858 - INFO - 成功获取 100 条 ETF 数据
2025-08-24 12:24:31,566 - INFO - 成功保存 100 条热榜数据
2025-08-24 12:24:32,070 - INFO - 正在获取 20250818 可转债 热榜数据...
2025-08-24 12:24:32,270 - INFO - 成功获取 100 条 可转债 数据
2025-08-24 12:24:32,966 - INFO - 成功保存 100 条热榜数据
2025-08-24 12:24:33,470 - INFO - 正在获取 20250818 行业板块 热榜数据...
2025-08-24 12:24:33,676 - INFO - 成功获取 20 条 行业板块 数据
2025-08-24 12:24:33,826 - INFO - 成功保存 20 条热榜数据
2025-08-24 12:24:34,329 - INFO - 正在获取 20250818 概念板块 热榜数据...
2025-08-24 12:24:34,536 - INFO - 成功获取 20 条 概念板块 数据
2025-08-24 12:24:34,682 - INFO - 成功保存 20 条热榜数据
2025-08-24 12:24:35,182 - INFO - 正在获取 20250818 期货 热榜数据...
2025-08-24 12:24:35,374 - INFO - 成功获取 3 条 期货 数据
2025-08-24 12:24:35,407 - INFO - 成功保存 3 条热榜数据
2025-08-24 12:24:35,913 - INFO - 正在获取 20250818 港股 热榜数据...
2025-08-24 12:24:36,117 - INFO - 成功获取 50 条 港股 数据
2025-08-24 12:24:36,506 - INFO - 成功保存 50 条热榜数据
2025-08-24 12:24:37,010 - INFO - 正在获取 20250818 热基 热榜数据...
2025-08-24 12:24:37,208 - INFO - 成功获取 100 条 热基 数据
2025-08-24 12:24:37,908 - INFO - 成功保存 100 条热榜数据
2025-08-24 12:24:38,410 - INFO - 正在获取 20250818 美股 热榜数据...
2025-08-24 12:24:38,612 - INFO - 成功获取 1 条 美股 数据
2025-08-24 12:24:39,116 - INFO - 处理交易日: 20250819
2025-08-24 12:24:39,116 - INFO - 正在获取 20250819 热股 热榜数据...
2025-08-24 12:24:39,359 - INFO - 成功获取 136 条 热股 数据
2025-08-24 12:24:40,275 - INFO - 成功保存 136 条热榜数据
2025-08-24 12:24:40,779 - INFO - 正在获取 20250819 ETF 热榜数据...
2025-08-24 12:24:40,976 - INFO - 成功获取 100 条 ETF 数据
2025-08-24 12:24:41,670 - INFO - 成功保存 100 条热榜数据
2025-08-24 12:24:42,174 - INFO - 正在获取 20250819 可转债 热榜数据...
2025-08-24 12:24:42,373 - INFO - 成功获取 100 条 可转债 数据
2025-08-24 12:24:43,177 - INFO - 成功保存 100 条热榜数据
2025-08-24 12:24:43,682 - INFO - 正在获取 20250819 行业板块 热榜数据...
2025-08-24 12:24:43,885 - INFO - 成功获取 21 条 行业板块 数据
2025-08-24 12:24:44,031 - INFO - 成功保存 21 条热榜数据
2025-08-24 12:24:44,531 - INFO - 正在获取 20250819 概念板块 热榜数据...
2025-08-24 12:24:44,730 - INFO - 成功获取 20 条 概念板块 数据
2025-08-24 12:24:44,880 - INFO - 成功保存 20 条热榜数据
2025-08-24 12:24:45,382 - INFO - 正在获取 20250819 期货 热榜数据...
2025-08-24 12:24:45,583 - INFO - 成功获取 3 条 期货 数据
2025-08-24 12:24:45,617 - INFO - 成功保存 3 条热榜数据
2025-08-24 12:24:46,121 - INFO - 正在获取 20250819 港股 热榜数据...
2025-08-24 12:24:46,310 - INFO - 成功获取 50 条 港股 数据
2025-08-24 12:24:46,676 - INFO - 成功保存 50 条热榜数据
2025-08-24 12:24:47,180 - INFO - 正在获取 20250819 热基 热榜数据...
2025-08-24 12:24:47,556 - INFO - 成功获取 100 条 热基 数据
2025-08-24 12:24:48,276 - INFO - 成功保存 100 条热榜数据
2025-08-24 12:24:48,778 - INFO - 正在获取 20250819 美股 热榜数据...
2025-08-24 12:24:48,990 - INFO - 成功获取 1 条 美股 数据
2025-08-24 12:24:49,496 - INFO - 处理交易日: 20250820
2025-08-24 12:24:49,496 - INFO - 正在获取 20250820 热股 热榜数据...
2025-08-24 12:24:49,757 - INFO - 成功获取 200 条 热股 数据
2025-08-24 12:24:51,135 - INFO - 成功保存 200 条热榜数据
2025-08-24 12:24:51,638 - INFO - 正在获取 20250820 ETF 热榜数据...
2025-08-24 12:24:51,840 - INFO - 成功获取 200 条 ETF 数据
2025-08-24 12:24:53,228 - INFO - 成功保存 200 条热榜数据
2025-08-24 12:24:53,728 - INFO - 正在获取 20250820 可转债 热榜数据...
2025-08-24 12:24:53,935 - INFO - 成功获取 200 条 可转债 数据
2025-08-24 12:24:55,513 - INFO - 成功保存 200 条热榜数据
2025-08-24 12:24:56,017 - INFO - 正在获取 20250820 行业板块 热榜数据...
2025-08-24 12:24:56,246 - INFO - 成功获取 40 条 行业板块 数据
2025-08-24 12:24:56,516 - INFO - 成功保存 40 条热榜数据
2025-08-24 12:24:57,020 - INFO - 正在获取 20250820 概念板块 热榜数据...
2025-08-24 12:24:57,274 - INFO - 成功获取 40 条 概念板块 数据
2025-08-24 12:24:57,535 - INFO - 成功保存 40 条热榜数据
2025-08-24 12:24:58,040 - INFO - 正在获取 20250820 期货 热榜数据...
2025-08-24 12:24:58,280 - INFO - 成功获取 6 条 期货 数据
2025-08-24 12:24:58,333 - INFO - 成功保存 6 条热榜数据
2025-08-24 12:24:58,838 - INFO - 正在获取 20250820 港股 热榜数据...
2025-08-24 12:24:59,056 - INFO - 成功获取 100 条 港股 数据
2025-08-24 12:24:59,768 - INFO - 成功保存 100 条热榜数据
2025-08-24 12:25:00,270 - INFO - 正在获取 20250820 热基 热榜数据...
2025-08-24 12:25:00,478 - INFO - 成功获取 200 条 热基 数据
2025-08-24 12:25:01,864 - INFO - 成功保存 200 条热榜数据
2025-08-24 12:25:02,370 - INFO - 正在获取 20250820 美股 热榜数据...
2025-08-24 12:25:02,580 - INFO - 成功获取 2 条 美股 数据
2025-08-24 12:25:03,085 - INFO - 处理交易日: 20250821
2025-08-24 12:25:03,085 - INFO - 正在获取 20250821 热股 热榜数据...
2025-08-24 12:25:03,414 - INFO - 成功获取 300 条 热股 数据
2025-08-24 12:25:05,564 - INFO - 成功保存 300 条热榜数据
2025-08-24 12:25:06,068 - INFO - 正在获取 20250821 ETF 热榜数据...
2025-08-24 12:25:06,352 - INFO - 成功获取 300 条 ETF 数据
2025-08-24 12:25:08,457 - INFO - 成功保存 300 条热榜数据
2025-08-24 12:25:08,959 - INFO - 正在获取 20250821 可转债 热榜数据...
2025-08-24 12:25:09,239 - INFO - 成功获取 300 条 可转债 数据
2025-08-24 12:25:11,767 - INFO - 成功保存 300 条热榜数据
2025-08-24 12:25:12,270 - INFO - 正在获取 20250821 行业板块 热榜数据...
2025-08-24 12:25:12,513 - INFO - 成功获取 60 条 行业板块 数据
2025-08-24 12:25:12,923 - INFO - 成功保存 60 条热榜数据
2025-08-24 12:25:13,427 - INFO - 正在获取 20250821 概念板块 热榜数据...
2025-08-24 12:25:13,672 - INFO - 成功获取 60 条 概念板块 数据
2025-08-24 12:25:14,121 - INFO - 成功保存 60 条热榜数据
2025-08-24 12:25:14,627 - INFO - 正在获取 20250821 期货 热榜数据...
2025-08-24 12:25:14,858 - INFO - 成功获取 9 条 期货 数据
2025-08-24 12:25:14,923 - INFO - 成功保存 9 条热榜数据
2025-08-24 12:25:15,428 - INFO - 正在获取 20250821 港股 热榜数据...
2025-08-24 12:25:15,697 - INFO - 成功获取 150 条 港股 数据
2025-08-24 12:25:16,831 - INFO - 成功保存 150 条热榜数据
2025-08-24 12:25:17,335 - INFO - 正在获取 20250821 热基 热榜数据...
2025-08-24 12:25:17,623 - INFO - 成功获取 300 条 热基 数据
2025-08-24 12:25:19,862 - INFO - 成功保存 300 条热榜数据
2025-08-24 12:25:20,366 - INFO - 正在获取 20250821 美股 热榜数据...
2025-08-24 12:25:20,642 - INFO - 成功获取 3 条 美股 数据
2025-08-24 12:25:21,149 - INFO - 处理交易日: 20250822
2025-08-24 12:25:21,150 - INFO - 正在获取 20250822 热股 热榜数据...
2025-08-24 12:25:21,410 - INFO - 成功获取 200 条 热股 数据
2025-08-24 12:25:22,912 - INFO - 成功保存 200 条热榜数据
2025-08-24 12:25:23,415 - INFO - 正在获取 20250822 ETF 热榜数据...
2025-08-24 12:25:23,669 - INFO - 成功获取 300 条 ETF 数据
2025-08-24 12:25:26,129 - INFO - 成功保存 300 条热榜数据
2025-08-24 12:25:26,633 - INFO - 正在获取 20250822 可转债 热榜数据...
2025-08-24 12:25:26,848 - INFO - 成功获取 300 条 可转债 数据
2025-08-24 12:25:28,908 - INFO - 成功保存 300 条热榜数据
2025-08-24 12:25:29,414 - INFO - 正在获取 20250822 行业板块 热榜数据...
2025-08-24 12:25:29,648 - INFO - 成功获取 60 条 行业板块 数据
2025-08-24 12:25:30,082 - INFO - 成功保存 60 条热榜数据
2025-08-24 12:25:30,586 - INFO - 正在获取 20250822 概念板块 热榜数据...
2025-08-24 12:25:30,814 - INFO - 成功获取 60 条 概念板块 数据
2025-08-24 12:25:31,237 - INFO - 成功保存 60 条热榜数据
2025-08-24 12:25:31,740 - INFO - 正在获取 20250822 期货 热榜数据...
2025-08-24 12:25:31,992 - INFO - 成功获取 9 条 期货 数据
2025-08-24 12:25:32,062 - INFO - 成功保存 9 条热榜数据
2025-08-24 12:25:32,567 - INFO - 正在获取 20250822 港股 热榜数据...
2025-08-24 12:25:32,776 - INFO - 成功获取 150 条 港股 数据
2025-08-24 12:25:33,816 - INFO - 成功保存 150 条热榜数据
2025-08-24 12:25:34,318 - INFO - 正在获取 20250822 热基 热榜数据...
2025-08-24 12:25:34,542 - INFO - 成功获取 300 条 热基 数据
2025-08-24 12:25:37,235 - INFO - 成功保存 300 条热榜数据
2025-08-24 12:25:37,740 - INFO - 正在获取 20250822 美股 热榜数据...
2025-08-24 12:25:37,941 - INFO - 成功获取 3 条 美股 数据
2025-08-24 12:25:38,444 - INFO - 热榜数据初始化完成，共保存 4865 条记录
2025-08-24 12:25:38,445 - INFO - 同花顺热榜数据初始化完成！
2025-08-25 20:43:18,304 - INFO - 开始初始化同花顺热榜数据...
2025-08-25 20:43:18,305 - INFO - 开始初始化热榜数据，日期范围: 2025-08-18 到 2025-08-25
2025-08-25 20:43:18,305 - INFO - 热榜类型: 热股, ETF, 可转债, 行业板块, 概念板块, 期货, 港股, 热基, 美股
2025-08-25 20:43:18,307 - INFO - 共 6 个交易日
2025-08-25 20:43:18,307 - INFO - 处理交易日: 20250818
2025-08-25 20:43:18,307 - INFO - 正在获取 20250818 热股 热榜数据...
2025-08-25 20:43:18,542 - INFO - 成功获取 98 条 热股 数据
2025-08-25 20:43:19,277 - INFO - 成功保存 98 条热榜数据
2025-08-25 20:43:19,779 - INFO - 正在获取 20250818 ETF 热榜数据...
2025-08-25 20:43:19,974 - INFO - 成功获取 100 条 ETF 数据
2025-08-25 20:43:20,659 - INFO - 成功保存 100 条热榜数据
2025-08-25 20:43:21,162 - INFO - 正在获取 20250818 可转债 热榜数据...
2025-08-25 20:43:21,363 - INFO - 成功获取 100 条 可转债 数据
2025-08-25 20:43:22,009 - INFO - 成功保存 100 条热榜数据
2025-08-25 20:43:22,511 - INFO - 正在获取 20250818 行业板块 热榜数据...
2025-08-25 20:43:22,715 - INFO - 成功获取 20 条 行业板块 数据
2025-08-25 20:43:22,863 - INFO - 成功保存 20 条热榜数据
2025-08-25 20:43:23,367 - INFO - 正在获取 20250818 概念板块 热榜数据...
2025-08-25 20:43:23,581 - INFO - 成功获取 20 条 概念板块 数据
2025-08-25 20:43:23,769 - INFO - 成功保存 20 条热榜数据
2025-08-25 20:43:24,273 - INFO - 正在获取 20250818 期货 热榜数据...
2025-08-25 20:43:24,464 - INFO - 成功获取 3 条 期货 数据
2025-08-25 20:43:24,487 - INFO - 成功保存 3 条热榜数据
2025-08-25 20:43:24,991 - INFO - 正在获取 20250818 港股 热榜数据...
2025-08-25 20:43:25,186 - INFO - 成功获取 50 条 港股 数据
2025-08-25 20:43:25,575 - INFO - 成功保存 50 条热榜数据
2025-08-25 20:43:26,077 - INFO - 正在获取 20250818 热基 热榜数据...
2025-08-25 20:43:26,283 - INFO - 成功获取 100 条 热基 数据
2025-08-25 20:43:26,958 - INFO - 成功保存 100 条热榜数据
2025-08-25 20:43:27,463 - INFO - 正在获取 20250818 美股 热榜数据...
2025-08-25 20:43:27,674 - INFO - 成功获取 1 条 美股 数据
2025-08-25 20:43:28,180 - INFO - 处理交易日: 20250819
2025-08-25 20:43:28,180 - INFO - 正在获取 20250819 热股 热榜数据...
2025-08-25 20:43:28,449 - INFO - 成功获取 136 条 热股 数据
2025-08-25 20:43:29,468 - INFO - 成功保存 136 条热榜数据
2025-08-25 20:43:29,969 - INFO - 正在获取 20250819 ETF 热榜数据...
2025-08-25 20:43:30,180 - INFO - 成功获取 100 条 ETF 数据
2025-08-25 20:43:30,830 - INFO - 成功保存 100 条热榜数据
2025-08-25 20:43:31,332 - INFO - 正在获取 20250819 可转债 热榜数据...
2025-08-25 20:43:31,526 - INFO - 成功获取 100 条 可转债 数据
2025-08-25 20:43:32,128 - INFO - 成功保存 100 条热榜数据
2025-08-25 20:43:32,633 - INFO - 正在获取 20250819 行业板块 热榜数据...
2025-08-25 20:43:32,855 - INFO - 成功获取 21 条 行业板块 数据
2025-08-25 20:43:32,971 - INFO - 成功保存 21 条热榜数据
2025-08-25 20:43:33,475 - INFO - 正在获取 20250819 概念板块 热榜数据...
2025-08-25 20:43:33,661 - INFO - 成功获取 20 条 概念板块 数据
2025-08-25 20:43:33,863 - INFO - 成功保存 20 条热榜数据
2025-08-25 20:43:34,363 - INFO - 正在获取 20250819 期货 热榜数据...
2025-08-25 20:43:34,553 - INFO - 成功获取 3 条 期货 数据
2025-08-25 20:43:34,569 - INFO - 成功保存 3 条热榜数据
2025-08-25 20:43:35,071 - INFO - 正在获取 20250819 港股 热榜数据...
2025-08-25 20:43:35,264 - INFO - 成功获取 50 条 港股 数据
2025-08-25 20:43:35,571 - INFO - 成功保存 50 条热榜数据
2025-08-25 20:43:36,076 - INFO - 正在获取 20250819 热基 热榜数据...
2025-08-25 20:43:36,264 - INFO - 成功获取 100 条 热基 数据
2025-08-25 20:43:36,927 - INFO - 成功保存 100 条热榜数据
2025-08-25 20:43:37,432 - INFO - 正在获取 20250819 美股 热榜数据...
2025-08-25 20:43:37,648 - INFO - 成功获取 1 条 美股 数据
2025-08-25 20:43:38,149 - INFO - 处理交易日: 20250820
2025-08-25 20:43:38,150 - INFO - 正在获取 20250820 热股 热榜数据...
2025-08-25 20:43:38,398 - INFO - 成功获取 200 条 热股 数据
2025-08-25 20:43:39,735 - INFO - 成功保存 200 条热榜数据
2025-08-25 20:43:40,239 - INFO - 正在获取 20250820 ETF 热榜数据...
2025-08-25 20:43:40,453 - INFO - 成功获取 200 条 ETF 数据
2025-08-25 20:43:41,665 - INFO - 成功保存 200 条热榜数据
2025-08-25 20:43:42,170 - INFO - 正在获取 20250820 可转债 热榜数据...
2025-08-25 20:43:42,371 - INFO - 成功获取 200 条 可转债 数据
2025-08-25 20:43:43,519 - INFO - 成功保存 200 条热榜数据
2025-08-25 20:43:44,024 - INFO - 正在获取 20250820 行业板块 热榜数据...
2025-08-25 20:43:44,283 - INFO - 成功获取 40 条 行业板块 数据
2025-08-25 20:43:44,526 - INFO - 成功保存 40 条热榜数据
2025-08-25 20:43:45,028 - INFO - 正在获取 20250820 概念板块 热榜数据...
2025-08-25 20:43:45,267 - INFO - 成功获取 40 条 概念板块 数据
2025-08-25 20:43:45,524 - INFO - 成功保存 40 条热榜数据
2025-08-25 20:43:46,027 - INFO - 正在获取 20250820 期货 热榜数据...
2025-08-25 20:43:46,292 - INFO - 成功获取 6 条 期货 数据
2025-08-25 20:43:46,330 - INFO - 成功保存 6 条热榜数据
2025-08-25 20:43:46,832 - INFO - 正在获取 20250820 港股 热榜数据...
2025-08-25 20:43:47,032 - INFO - 成功获取 100 条 港股 数据
2025-08-25 20:43:47,626 - INFO - 成功保存 100 条热榜数据
2025-08-25 20:43:48,127 - INFO - 正在获取 20250820 热基 热榜数据...
2025-08-25 20:43:48,348 - INFO - 成功获取 200 条 热基 数据
2025-08-25 20:43:49,617 - INFO - 成功保存 200 条热榜数据
2025-08-25 20:43:50,120 - INFO - 正在获取 20250820 美股 热榜数据...
2025-08-25 20:43:50,319 - INFO - 成功获取 2 条 美股 数据
2025-08-25 20:43:50,823 - INFO - 处理交易日: 20250821
2025-08-25 20:43:50,823 - INFO - 正在获取 20250821 热股 热榜数据...
2025-08-25 20:43:51,187 - INFO - 成功获取 300 条 热股 数据
2025-08-25 20:43:52,886 - INFO - 成功保存 300 条热榜数据
2025-08-25 20:43:53,389 - INFO - 正在获取 20250821 ETF 热榜数据...
2025-08-25 20:43:53,658 - INFO - 成功获取 300 条 ETF 数据
2025-08-25 20:43:55,937 - INFO - 成功保存 300 条热榜数据
2025-08-25 20:43:56,439 - INFO - 正在获取 20250821 可转债 热榜数据...
2025-08-25 20:43:56,725 - INFO - 成功获取 300 条 可转债 数据
2025-08-25 20:43:58,716 - INFO - 成功保存 300 条热榜数据
2025-08-25 20:43:59,219 - INFO - 正在获取 20250821 行业板块 热榜数据...
2025-08-25 20:43:59,477 - INFO - 成功获取 60 条 行业板块 数据
2025-08-25 20:43:59,857 - INFO - 成功保存 60 条热榜数据
2025-08-25 20:44:00,359 - INFO - 正在获取 20250821 概念板块 热榜数据...
2025-08-25 20:44:00,607 - INFO - 成功获取 60 条 概念板块 数据
2025-08-25 20:44:00,938 - INFO - 成功保存 60 条热榜数据
2025-08-25 20:44:01,439 - INFO - 正在获取 20250821 期货 热榜数据...
2025-08-25 20:44:01,660 - INFO - 成功获取 9 条 期货 数据
2025-08-25 20:44:01,718 - INFO - 成功保存 9 条热榜数据
2025-08-25 20:44:02,219 - INFO - 正在获取 20250821 港股 热榜数据...
2025-08-25 20:44:02,477 - INFO - 成功获取 150 条 港股 数据
2025-08-25 20:44:03,414 - INFO - 成功保存 150 条热榜数据
2025-08-25 20:44:03,920 - INFO - 正在获取 20250821 热基 热榜数据...
2025-08-25 20:44:04,205 - INFO - 成功获取 300 条 热基 数据
2025-08-25 20:44:05,962 - INFO - 成功保存 300 条热榜数据
2025-08-25 20:44:06,466 - INFO - 正在获取 20250821 美股 热榜数据...
2025-08-25 20:44:06,750 - INFO - 成功获取 3 条 美股 数据
2025-08-25 20:44:07,256 - INFO - 处理交易日: 20250822
2025-08-25 20:44:07,256 - INFO - 正在获取 20250822 热股 热榜数据...
2025-08-25 20:44:07,522 - INFO - 成功获取 200 条 热股 数据
2025-08-25 20:44:08,786 - INFO - 成功保存 200 条热榜数据
2025-08-25 20:44:09,289 - INFO - 正在获取 20250822 ETF 热榜数据...
2025-08-25 20:44:09,513 - INFO - 成功获取 300 条 ETF 数据
2025-08-25 20:44:11,525 - INFO - 成功保存 300 条热榜数据
2025-08-25 20:44:12,027 - INFO - 正在获取 20250822 可转债 热榜数据...
2025-08-25 20:44:12,226 - INFO - 成功获取 300 条 可转债 数据
2025-08-25 20:44:14,715 - INFO - 成功保存 300 条热榜数据
2025-08-25 20:44:15,218 - INFO - 正在获取 20250822 行业板块 热榜数据...
2025-08-25 20:44:15,456 - INFO - 成功获取 60 条 行业板块 数据
2025-08-25 20:44:15,906 - INFO - 成功保存 60 条热榜数据
2025-08-25 20:44:16,435 - INFO - 正在获取 20250822 概念板块 热榜数据...
2025-08-25 20:44:16,777 - INFO - 成功获取 60 条 概念板块 数据
2025-08-25 20:44:17,257 - INFO - 成功保存 60 条热榜数据
2025-08-25 20:44:17,759 - INFO - 正在获取 20250822 期货 热榜数据...
2025-08-25 20:44:17,987 - INFO - 成功获取 9 条 期货 数据
2025-08-25 20:44:18,067 - INFO - 成功保存 9 条热榜数据
2025-08-25 20:44:18,568 - INFO - 正在获取 20250822 港股 热榜数据...
2025-08-25 20:44:18,882 - INFO - 成功获取 150 条 港股 数据
2025-08-25 20:44:21,077 - INFO - 成功保存 150 条热榜数据
2025-08-25 20:44:21,579 - INFO - 正在获取 20250822 热基 热榜数据...
2025-08-25 20:44:21,816 - INFO - 成功获取 300 条 热基 数据
2025-08-25 20:44:24,230 - INFO - 成功保存 300 条热榜数据
2025-08-25 20:44:24,734 - INFO - 正在获取 20250822 美股 热榜数据...
2025-08-25 20:44:24,948 - INFO - 成功获取 3 条 美股 数据
2025-08-25 20:44:25,455 - INFO - 处理交易日: 20250825
2025-08-25 20:44:25,455 - INFO - 正在获取 20250825 热股 热榜数据...
2025-08-25 20:44:25,650 - WARNING - 20250825 热股 无数据
2025-08-25 20:44:25,650 - INFO - 正在获取 20250825 ETF 热榜数据...
2025-08-25 20:44:25,856 - WARNING - 20250825 ETF 无数据
2025-08-25 20:44:25,856 - INFO - 正在获取 20250825 可转债 热榜数据...
2025-08-25 20:44:26,054 - WARNING - 20250825 可转债 无数据
2025-08-25 20:44:26,054 - INFO - 正在获取 20250825 行业板块 热榜数据...
2025-08-25 20:44:26,255 - WARNING - 20250825 行业板块 无数据
2025-08-25 20:44:26,255 - INFO - 正在获取 20250825 概念板块 热榜数据...
2025-08-25 20:44:26,474 - WARNING - 20250825 概念板块 无数据
2025-08-25 20:44:26,474 - INFO - 正在获取 20250825 期货 热榜数据...
2025-08-25 20:44:26,670 - WARNING - 20250825 期货 无数据
2025-08-25 20:44:26,671 - INFO - 正在获取 20250825 港股 热榜数据...
2025-08-25 20:44:26,860 - WARNING - 20250825 港股 无数据
2025-08-25 20:44:26,860 - INFO - 正在获取 20250825 热基 热榜数据...
2025-08-25 20:44:27,066 - WARNING - 20250825 热基 无数据
2025-08-25 20:44:27,066 - INFO - 正在获取 20250825 美股 热榜数据...
2025-08-25 20:44:27,266 - WARNING - 20250825 美股 无数据
2025-08-25 20:44:27,266 - INFO - 热榜数据初始化完成，共保存 4865 条记录
2025-08-25 20:44:27,267 - INFO - 同花顺热榜数据初始化完成！
2025-08-30 13:16:58,438 - INFO - 开始初始化同花顺热榜数据...
2025-08-30 13:16:58,439 - INFO - 开始初始化热榜数据，日期范围: 2025-08-23 到 2025-08-30
2025-08-30 13:16:58,439 - INFO - 热榜类型: 热股, ETF, 可转债, 行业板块, 概念板块, 期货, 港股, 热基, 美股
2025-08-30 13:16:58,439 - INFO - 共 8 个交易日
2025-08-30 13:16:58,439 - INFO - 处理交易日: 20250823
2025-08-30 13:16:58,439 - INFO - 正在获取 20250823 热股 热榜数据...
2025-08-30 13:16:58,704 - INFO - 成功获取 300 条 热股 数据
2025-08-30 13:16:59,371 - INFO - 成功保存 300 条热榜数据
2025-08-30 13:16:59,873 - INFO - 正在获取 20250823 ETF 热榜数据...
2025-08-30 13:17:00,065 - INFO - 成功获取 300 条 ETF 数据
2025-08-30 13:17:00,616 - INFO - 成功保存 300 条热榜数据
2025-08-30 13:17:01,121 - INFO - 正在获取 20250823 可转债 热榜数据...
2025-08-30 13:17:01,325 - INFO - 成功获取 300 条 可转债 数据
2025-08-30 13:17:01,861 - INFO - 成功保存 300 条热榜数据
2025-08-30 13:17:02,366 - INFO - 正在获取 20250823 行业板块 热榜数据...
2025-08-30 13:17:02,585 - INFO - 成功获取 60 条 行业板块 数据
2025-08-30 13:17:02,691 - INFO - 成功保存 60 条热榜数据
2025-08-30 13:17:03,194 - INFO - 正在获取 20250823 概念板块 热榜数据...
2025-08-30 13:17:03,432 - INFO - 成功获取 60 条 概念板块 数据
2025-08-30 13:17:03,540 - INFO - 成功保存 60 条热榜数据
2025-08-30 13:17:04,043 - INFO - 正在获取 20250823 期货 热榜数据...
2025-08-30 13:17:04,280 - INFO - 成功获取 9 条 期货 数据
2025-08-30 13:17:04,300 - INFO - 成功保存 9 条热榜数据
2025-08-30 13:17:04,801 - INFO - 正在获取 20250823 港股 热榜数据...
2025-08-30 13:17:04,998 - INFO - 成功获取 150 条 港股 数据
2025-08-30 13:17:05,279 - INFO - 成功保存 150 条热榜数据
2025-08-30 13:17:05,780 - INFO - 正在获取 20250823 热基 热榜数据...
2025-08-30 13:17:06,008 - INFO - 成功获取 300 条 热基 数据
2025-08-30 13:17:06,549 - INFO - 成功保存 300 条热榜数据
2025-08-30 13:17:07,053 - INFO - 正在获取 20250823 美股 热榜数据...
2025-08-30 13:17:07,261 - INFO - 成功获取 3 条 美股 数据
2025-08-30 13:17:07,767 - INFO - 处理交易日: 20250824
2025-08-30 13:17:07,767 - INFO - 正在获取 20250824 热股 热榜数据...
2025-08-30 13:17:08,015 - INFO - 成功获取 300 条 热股 数据
2025-08-30 13:17:08,613 - INFO - 成功保存 300 条热榜数据
2025-08-30 13:17:09,116 - INFO - 正在获取 20250824 ETF 热榜数据...
2025-08-30 13:17:09,317 - INFO - 成功获取 300 条 ETF 数据
2025-08-30 13:17:09,878 - INFO - 成功保存 300 条热榜数据
2025-08-30 13:17:10,380 - INFO - 正在获取 20250824 可转债 热榜数据...
2025-08-30 13:17:10,595 - INFO - 成功获取 300 条 可转债 数据
2025-08-30 13:17:11,151 - INFO - 成功保存 300 条热榜数据
2025-08-30 13:17:11,652 - INFO - 正在获取 20250824 行业板块 热榜数据...
2025-08-30 13:17:11,899 - INFO - 成功获取 60 条 行业板块 数据
2025-08-30 13:17:12,015 - INFO - 成功保存 60 条热榜数据
2025-08-30 13:17:12,518 - INFO - 正在获取 20250824 概念板块 热榜数据...
2025-08-30 13:17:12,773 - INFO - 成功获取 60 条 概念板块 数据
2025-08-30 13:17:12,910 - INFO - 成功保存 60 条热榜数据
2025-08-30 13:17:13,410 - INFO - 正在获取 20250824 期货 热榜数据...
2025-08-30 13:17:13,643 - INFO - 成功获取 9 条 期货 数据
2025-08-30 13:17:13,665 - INFO - 成功保存 9 条热榜数据
2025-08-30 13:17:14,169 - INFO - 正在获取 20250824 港股 热榜数据...
2025-08-30 13:17:14,375 - INFO - 成功获取 150 条 港股 数据
2025-08-30 13:17:14,655 - INFO - 成功保存 150 条热榜数据
2025-08-30 13:17:15,157 - INFO - 正在获取 20250824 热基 热榜数据...
2025-08-30 13:17:15,361 - INFO - 成功获取 300 条 热基 数据
2025-08-30 13:17:15,911 - INFO - 成功保存 300 条热榜数据
2025-08-30 13:17:16,414 - INFO - 正在获取 20250824 美股 热榜数据...
2025-08-30 13:17:16,615 - INFO - 成功获取 3 条 美股 数据
2025-08-30 13:17:17,122 - INFO - 处理交易日: 20250825
2025-08-30 13:17:17,122 - INFO - 正在获取 20250825 热股 热榜数据...
2025-08-30 13:17:17,378 - INFO - 成功获取 300 条 热股 数据
2025-08-30 13:17:17,936 - INFO - 成功保存 300 条热榜数据
2025-08-30 13:17:18,440 - INFO - 正在获取 20250825 ETF 热榜数据...
2025-08-30 13:17:18,657 - INFO - 成功获取 300 条 ETF 数据
2025-08-30 13:17:19,213 - INFO - 成功保存 300 条热榜数据
2025-08-30 13:17:19,717 - INFO - 正在获取 20250825 可转债 热榜数据...
2025-08-30 13:17:19,922 - INFO - 成功获取 300 条 可转债 数据
2025-08-30 13:17:20,518 - INFO - 成功保存 300 条热榜数据
2025-08-30 13:17:21,019 - INFO - 正在获取 20250825 行业板块 热榜数据...
2025-08-30 13:17:21,275 - INFO - 成功获取 60 条 行业板块 数据
2025-08-30 13:17:21,404 - INFO - 成功保存 60 条热榜数据
2025-08-30 13:17:21,909 - INFO - 正在获取 20250825 概念板块 热榜数据...
2025-08-30 13:17:22,160 - INFO - 成功获取 60 条 概念板块 数据
2025-08-30 13:17:22,282 - INFO - 成功保存 60 条热榜数据
2025-08-30 13:17:22,787 - INFO - 正在获取 20250825 期货 热榜数据...
2025-08-30 13:17:23,005 - INFO - 成功获取 9 条 期货 数据
2025-08-30 13:17:23,028 - INFO - 成功保存 9 条热榜数据
2025-08-30 13:17:23,531 - INFO - 正在获取 20250825 港股 热榜数据...
2025-08-30 13:17:23,729 - INFO - 成功获取 150 条 港股 数据
2025-08-30 13:17:24,029 - INFO - 成功保存 150 条热榜数据
2025-08-30 13:17:24,532 - INFO - 正在获取 20250825 热基 热榜数据...
2025-08-30 13:17:24,762 - INFO - 成功获取 300 条 热基 数据
2025-08-30 13:17:25,315 - INFO - 成功保存 300 条热榜数据
2025-08-30 13:17:25,819 - INFO - 正在获取 20250825 美股 热榜数据...
2025-08-30 13:17:26,020 - INFO - 成功获取 3 条 美股 数据
2025-08-30 13:17:26,522 - INFO - 处理交易日: 20250826
2025-08-30 13:17:26,522 - INFO - 正在获取 20250826 热股 热榜数据...
2025-08-30 13:17:26,779 - INFO - 成功获取 297 条 热股 数据
2025-08-30 13:17:27,317 - INFO - 成功保存 297 条热榜数据
2025-08-30 13:17:27,821 - INFO - 正在获取 20250826 ETF 热榜数据...
2025-08-30 13:17:28,029 - INFO - 成功获取 300 条 ETF 数据
2025-08-30 13:17:28,580 - INFO - 成功保存 300 条热榜数据
2025-08-30 13:17:29,084 - INFO - 正在获取 20250826 可转债 热榜数据...
2025-08-30 13:17:29,287 - INFO - 成功获取 300 条 可转债 数据
2025-08-30 13:17:29,830 - INFO - 成功保存 300 条热榜数据
2025-08-30 13:17:30,333 - INFO - 正在获取 20250826 行业板块 热榜数据...
2025-08-30 13:17:30,573 - INFO - 成功获取 60 条 行业板块 数据
2025-08-30 13:17:30,691 - INFO - 成功保存 60 条热榜数据
2025-08-30 13:17:31,196 - INFO - 正在获取 20250826 概念板块 热榜数据...
2025-08-30 13:17:31,432 - INFO - 成功获取 60 条 概念板块 数据
2025-08-30 13:17:31,549 - INFO - 成功保存 60 条热榜数据
2025-08-30 13:17:32,054 - INFO - 正在获取 20250826 期货 热榜数据...
2025-08-30 13:17:32,307 - INFO - 成功获取 9 条 期货 数据
2025-08-30 13:17:32,332 - INFO - 成功保存 9 条热榜数据
2025-08-30 13:17:32,834 - INFO - 正在获取 20250826 港股 热榜数据...
2025-08-30 13:17:33,038 - INFO - 成功获取 150 条 港股 数据
2025-08-30 13:17:33,338 - INFO - 成功保存 150 条热榜数据
2025-08-30 13:17:33,843 - INFO - 正在获取 20250826 热基 热榜数据...
2025-08-30 13:17:34,040 - INFO - 成功获取 300 条 热基 数据
2025-08-30 13:17:34,596 - INFO - 成功保存 300 条热榜数据
2025-08-30 13:17:35,099 - INFO - 正在获取 20250826 美股 热榜数据...
2025-08-30 13:17:35,312 - INFO - 成功获取 3 条 美股 数据
2025-08-30 13:17:35,814 - INFO - 处理交易日: 20250827
2025-08-30 13:17:35,814 - INFO - 正在获取 20250827 热股 热榜数据...
2025-08-30 13:17:36,074 - INFO - 成功获取 300 条 热股 数据
2025-08-30 13:17:36,606 - INFO - 成功保存 300 条热榜数据
2025-08-30 13:17:37,110 - INFO - 正在获取 20250827 ETF 热榜数据...
2025-08-30 13:17:37,324 - INFO - 成功获取 300 条 ETF 数据
2025-08-30 13:17:37,872 - INFO - 成功保存 300 条热榜数据
2025-08-30 13:17:38,372 - INFO - 正在获取 20250827 可转债 热榜数据...
2025-08-30 13:17:38,576 - INFO - 成功获取 300 条 可转债 数据
2025-08-30 13:17:39,141 - INFO - 成功保存 300 条热榜数据
2025-08-30 13:17:39,645 - INFO - 正在获取 20250827 行业板块 热榜数据...
2025-08-30 13:17:39,881 - INFO - 成功获取 60 条 行业板块 数据
2025-08-30 13:17:40,000 - INFO - 成功保存 60 条热榜数据
2025-08-30 13:17:40,504 - INFO - 正在获取 20250827 概念板块 热榜数据...
2025-08-30 13:17:40,761 - INFO - 成功获取 60 条 概念板块 数据
2025-08-30 13:17:40,884 - INFO - 成功保存 60 条热榜数据
2025-08-30 13:17:41,388 - INFO - 正在获取 20250827 期货 热榜数据...
2025-08-30 13:17:41,765 - INFO - 成功获取 9 条 期货 数据
2025-08-30 13:17:41,786 - INFO - 成功保存 9 条热榜数据
2025-08-30 13:17:42,289 - INFO - 正在获取 20250827 港股 热榜数据...
2025-08-30 13:17:42,789 - INFO - 成功获取 150 条 港股 数据
2025-08-30 13:17:43,072 - INFO - 成功保存 150 条热榜数据
2025-08-30 13:17:43,576 - INFO - 正在获取 20250827 热基 热榜数据...
2025-08-30 13:17:44,152 - INFO - 成功获取 300 条 热基 数据
2025-08-30 13:17:44,716 - INFO - 成功保存 300 条热榜数据
2025-08-30 13:17:45,220 - INFO - 正在获取 20250827 美股 热榜数据...
2025-08-30 13:17:45,433 - INFO - 成功获取 3 条 美股 数据
2025-08-30 13:17:45,936 - INFO - 处理交易日: 20250828
2025-08-30 13:17:45,936 - INFO - 正在获取 20250828 热股 热榜数据...
2025-08-30 13:17:46,238 - INFO - 成功获取 300 条 热股 数据
2025-08-30 13:17:46,767 - INFO - 成功保存 300 条热榜数据
2025-08-30 13:17:47,272 - INFO - 正在获取 20250828 ETF 热榜数据...
2025-08-30 13:17:47,482 - INFO - 成功获取 300 条 ETF 数据
2025-08-30 13:17:48,050 - INFO - 成功保存 300 条热榜数据
2025-08-30 13:17:48,551 - INFO - 正在获取 20250828 可转债 热榜数据...
2025-08-30 13:17:48,758 - INFO - 成功获取 300 条 可转债 数据
2025-08-30 13:17:49,319 - INFO - 成功保存 300 条热榜数据
2025-08-30 13:17:49,822 - INFO - 正在获取 20250828 行业板块 热榜数据...
2025-08-30 13:17:50,060 - INFO - 成功获取 60 条 行业板块 数据
2025-08-30 13:17:50,181 - INFO - 成功保存 60 条热榜数据
2025-08-30 13:17:50,686 - INFO - 正在获取 20250828 概念板块 热榜数据...
2025-08-30 13:17:50,921 - INFO - 成功获取 60 条 概念板块 数据
2025-08-30 13:17:51,046 - INFO - 成功保存 60 条热榜数据
2025-08-30 13:17:51,549 - INFO - 正在获取 20250828 期货 热榜数据...
2025-08-30 13:17:51,787 - INFO - 成功获取 9 条 期货 数据
2025-08-30 13:17:51,813 - INFO - 成功保存 9 条热榜数据
2025-08-30 13:17:52,314 - INFO - 正在获取 20250828 港股 热榜数据...
2025-08-30 13:17:52,521 - INFO - 成功获取 150 条 港股 数据
2025-08-30 13:17:52,814 - INFO - 成功保存 150 条热榜数据
2025-08-30 13:17:53,315 - INFO - 正在获取 20250828 热基 热榜数据...
2025-08-30 13:17:53,535 - INFO - 成功获取 300 条 热基 数据
2025-08-30 13:17:54,102 - INFO - 成功保存 300 条热榜数据
2025-08-30 13:17:54,607 - INFO - 正在获取 20250828 美股 热榜数据...
2025-08-30 13:17:54,809 - INFO - 成功获取 3 条 美股 数据
2025-08-30 13:17:55,311 - INFO - 处理交易日: 20250829
2025-08-30 13:17:55,311 - INFO - 正在获取 20250829 热股 热榜数据...
2025-08-30 13:17:55,547 - INFO - 成功获取 300 条 热股 数据
2025-08-30 13:17:56,095 - INFO - 成功保存 300 条热榜数据
2025-08-30 13:17:56,597 - INFO - 正在获取 20250829 ETF 热榜数据...
2025-08-30 13:17:56,813 - INFO - 成功获取 300 条 ETF 数据
2025-08-30 13:17:57,371 - INFO - 成功保存 300 条热榜数据
2025-08-30 13:17:57,877 - INFO - 正在获取 20250829 可转债 热榜数据...
2025-08-30 13:17:58,134 - INFO - 成功获取 300 条 可转债 数据
2025-08-30 13:17:58,697 - INFO - 成功保存 300 条热榜数据
2025-08-30 13:17:59,197 - INFO - 正在获取 20250829 行业板块 热榜数据...
2025-08-30 13:17:59,432 - INFO - 成功获取 60 条 行业板块 数据
2025-08-30 13:17:59,558 - INFO - 成功保存 60 条热榜数据
2025-08-30 13:18:00,061 - INFO - 正在获取 20250829 概念板块 热榜数据...
2025-08-30 13:18:00,295 - INFO - 成功获取 60 条 概念板块 数据
2025-08-30 13:18:00,428 - INFO - 成功保存 60 条热榜数据
2025-08-30 13:18:00,932 - INFO - 正在获取 20250829 期货 热榜数据...
2025-08-30 13:18:01,157 - INFO - 成功获取 9 条 期货 数据
2025-08-30 13:18:01,179 - INFO - 成功保存 9 条热榜数据
2025-08-30 13:18:01,682 - INFO - 正在获取 20250829 港股 热榜数据...
2025-08-30 13:18:01,893 - INFO - 成功获取 150 条 港股 数据
2025-08-30 13:18:02,175 - INFO - 成功保存 150 条热榜数据
2025-08-30 13:18:02,677 - INFO - 正在获取 20250829 热基 热榜数据...
2025-08-30 13:18:02,877 - INFO - 成功获取 300 条 热基 数据
2025-08-30 13:18:03,427 - INFO - 成功保存 300 条热榜数据
2025-08-30 13:18:03,932 - INFO - 正在获取 20250829 美股 热榜数据...
2025-08-30 13:18:04,147 - INFO - 成功获取 3 条 美股 数据
2025-08-30 13:18:04,650 - INFO - 处理交易日: 20250830
2025-08-30 13:18:04,650 - INFO - 正在获取 20250830 热股 热榜数据...
2025-08-30 13:18:04,845 - WARNING - 20250830 热股 无数据
2025-08-30 13:18:04,845 - INFO - 正在获取 20250830 ETF 热榜数据...
2025-08-30 13:18:05,039 - WARNING - 20250830 ETF 无数据
2025-08-30 13:18:05,039 - INFO - 正在获取 20250830 可转债 热榜数据...
2025-08-30 13:18:05,254 - WARNING - 20250830 可转债 无数据
2025-08-30 13:18:05,254 - INFO - 正在获取 20250830 行业板块 热榜数据...
2025-08-30 13:18:05,441 - WARNING - 20250830 行业板块 无数据
2025-08-30 13:18:05,441 - INFO - 正在获取 20250830 概念板块 热榜数据...
2025-08-30 13:18:05,643 - WARNING - 20250830 概念板块 无数据
2025-08-30 13:18:05,643 - INFO - 正在获取 20250830 期货 热榜数据...
2025-08-30 13:18:05,834 - WARNING - 20250830 期货 无数据
2025-08-30 13:18:05,834 - INFO - 正在获取 20250830 港股 热榜数据...
2025-08-30 13:18:06,021 - WARNING - 20250830 港股 无数据
2025-08-30 13:18:06,021 - INFO - 正在获取 20250830 热基 热榜数据...
2025-08-30 13:18:06,223 - WARNING - 20250830 热基 无数据
2025-08-30 13:18:06,223 - INFO - 正在获取 20250830 美股 热榜数据...
2025-08-30 13:18:06,410 - WARNING - 20250830 美股 无数据
2025-08-30 13:18:06,410 - INFO - 热榜数据初始化完成，共保存 10350 条记录
2025-08-30 13:18:06,410 - INFO - 同花顺热榜数据初始化完成！
